968
-986
451
-984
-542
-984
271
-506
998
951
998
1162
999
2623
-1124
999
-3584
-985
-987
952
-56
-757
-260
-3200
999
-2545
-3238
-988
999
999
999
2547
-5751
928
80
-907
993
994
994
-749
-2765
-68
464
995
-992
928
-990
512
981
109
-991
993
-991
981
-6568
-839
4142
-6771
-3850
1599
981
-961
981
-961
-839
-44
-910
-992
1568
-2150
993
-76
-992
-2552
1430
961
-910
-757
-993
-6448
-982
993
382
-7505
-974
-3950
-974
924
-974
993
-4073
917
809
791
-341
876
992
-1187
992
-1364
-2376
2233
-523
-1131
-995
875
-995
-602
993
-1396
993
991
-909
-1174
-996
871
-993
371
992
993
-975
-759
-995
-995
-985
871
-137
870
-987
-4346
982
-997
2296
992
-997
-615
-976
4220
-987
3649
992
983
-997
991
967
993
-963
924
-991
993
-976
-984
-3041
-997
-995
-4365
-997
994
-996
995
-972
993
981
-1180
1866
-2726
-994
-994
-986
993
